Traceback (most recent call last):
  File "/home/smaity/Transfer-learning/without-label-V2/kdeClassifier.py", line 90, in fit
    self.bandwidth = float(self.bandwidth)
TypeError: float() argument must be a string or a number, not 'NoneType'

During handling of the above exception, another exception occurred:

Traceback (most recent call last):
  File "unit_experiment.py", line 14, in <module>
    e._MixtureClassifier()
  File "/home/smaity/Transfer-learning/without-label-V2/experiments.py", line 77, in _MixtureClassifier
    cl.fit(x_source=self.data['source-data']['x'], y_source=self.data['source-data']['y'], x_target=self.data['target-data']['x'], y_target=self.data['target-data']['y'])
  File "/home/smaity/Transfer-learning/without-label-V2/mixtureClassifier.py", line 67, in fit
    cl.fit(x_source, y_source)
  File "/home/smaity/Transfer-learning/without-label-V2/kdeClassifier.py", line 95, in fit
    par_list = list(ParameterGrid(params))
NameError: name 'ParameterGrid' is not defined
